<?xml version="1.0" encoding="UTF-8"?>
<!-- Generated by org.testng.reporters.JUnitXMLReporter -->
<testsuite hostname="DESKTOP-RDMHKH3" ignored="0" name="API Test" tests="4" failures="0" timestamp="2020-05-23T08:14:05 IDT" time="4.297" errors="0">
  <testcase name="addTeamAndVerify" time="1.579" classname="SanityTests.grafanaAPI"/>
  <testcase name="getTeamProperty" time="0.042" classname="SanityTests.grafanaAPI"/>
  <testcase name="updateTeamAndVerify" time="0.138" classname="SanityTests.grafanaAPI"/>
  <testcase name="deleteTeamAndVerify" time="0.123" classname="SanityTests.grafanaAPI"/>
</testsuite> <!-- API Test -->
