<?xml version="1.0" encoding="UTF-8"?>
<!-- Generated by org.testng.reporters.JUnitXMLReporter -->
<testsuite hostname="DESKTOP-RDMHKH3" ignored="0" name="Web Test" tests="5" failures="1" timestamp="2020-05-25T10:04:59 IDT" time="91.277" errors="0">
  <testcase name="createUser" time="5.433" classname="SanityTests.phpTravelsWeb"/>
  <testcase name="chooseFlight" time="20.398" classname="SanityTests.phpTravelsWeb"/>
  <testcase name="bookDeal" time="23.323" classname="SanityTests.phpTravelsWeb"/>
  <testcase name="liveChatMessage" time="14.13" classname="SanityTests.phpTravelsWeb">
    <failure type="java.lang.AssertionError" message="The following asserts failed:
	did not expect to find [true] but found [false]">
      <![CDATA[java.lang.AssertionError: The following asserts failed:
did not expect to find [true] but found [false]
at SanityTests.phpTravelsWeb.liveChatMessage(phpTravelsWeb.java:55)
at java.util.ArrayList.forEach(ArrayList.java:1257)
... Removed 33 stack frames]]>
    </failure>
  </testcase> <!-- liveChatMessage -->
  <testcase name="twitterSync" time="2.545" classname="SanityTests.phpTravelsWeb"/>
</testsuite> <!-- Web Test -->
