<?xml version="1.0" encoding="UTF-8"?>
<testsuite xmlns:xsi="http://www.w3.org/2001/XMLSchema-instance" xsi:noNamespaceSchemaLocation="https://maven.apache.org/surefire/maven-surefire-plugin/xsd/surefire-test-report.xsd" name="TestSuite" time="95.466" tests="5" errors="0" skipped="0" failures="1">
  <properties>
[...]
</properties>
  <testcase name="createUser" classname="SanityTests.phpTravelsWeb" time="5.926"/>
  <testcase name="chooseFlight" classname="SanityTests.phpTravelsWeb" time="18.975"/>
  <testcase name="bookDeal" classname="SanityTests.phpTravelsWeb" time="20.317"/>
  <testcase name="liveChatMessage" classname="SanityTests.phpTravelsWeb" time="21.158">
    <failure message="Expected condition failed: waiting for element to be clickable: Proxy element for: DefaultElementLocator &apos;By.xpath: //button[@class=&apos;lc-1jq1bpl e1m5b1js0&apos;]&apos; (tried for 5 second(s) with 500 milliseconds interval)" type="org.openqa.selenium.TimeoutException">org.openqa.selenium.TimeoutException: Expected condition failed: waiting for element to be clickable: Proxy element for: DefaultElementLocator 'By.xpath: //button[@class='lc-1jq1bpl e1m5b1js0']' (tried for 5 second(s) with 500 milliseconds interval)
	at SanityTests.phpTravelsWeb.liveChatMessage(phpTravelsWeb.java:51)
Caused by: org.openqa.selenium.NoSuchElementException: 
no such element: Unable to locate element: {"method":"xpath","selector":"//button[@class='lc-1jq1bpl e1m5b1js0']"}
  (Session info: chrome=81.0.4044.138)
For documentation on this error, please visit: https://www.seleniumhq.org/exceptions/no_such_element.html
Build info: version: '3.141.59', revision: 'e82be7d358', time: '2018-11-14T08:17:03'
System info: host: 'DESKTOP-RDMHKH3', ip: '192.168.0.59', os.name: 'Windows 10', os.arch: 'amd64', os.version: '10.0', java.version: '1.8.0_211'
Driver info: org.openqa.selenium.chrome.ChromeDriver
Capabilities {acceptInsecureCerts: false, browserName: chrome, browserVersion: 81.0.4044.138, chrome: {chromedriverVersion: 81.0.4044.138 (8c6c7ba89cc9..., userDataDir: C:\Users\eran\AppData\Local...}, goog:chromeOptions: {debuggerAddress: localhost:61427}, javascriptEnabled: true, networkConnectionEnabled: false, pageLoadStrategy: normal, platform: WINDOWS, platformName: WINDOWS, proxy: Proxy(), setWindowRect: true, strictFileInteractability: false, timeouts: {implicit: 0, pageLoad: 300000, script: 30000}, unhandledPromptBehavior: dismiss and notify, webauthn:virtualAuthenticators: true}
Session ID: f97eff507a382005424f6740c206b91b
*** Element info: {Using=xpath, value=//button[@class='lc-1jq1bpl e1m5b1js0']}
	at SanityTests.phpTravelsWeb.liveChatMessage(phpTravelsWeb.java:51)
</failure>
    <system-out><![CDATA[--------------- Test Start: liveChatMessage ---------------
Popup is not found
************ Test: liveChatMessage Failed ************
]]></system-out>
    <system-err><![CDATA[[1590818987.369][SEVERE]: Timed out receiving message from renderer: 0.100
[1590818987.878][SEVERE]: Timed out receiving message from renderer: 0.100
[1590818987.983][SEVERE]: Timed out receiving message from renderer: 0.100
]]></system-err>
  </testcase>
  <testcase name="twitterSync" classname="SanityTests.phpTravelsWeb" time="2.539"/>
</testsuite>