<?xml version="1.0" encoding="UTF-8"?>
<testng-results skipped="0" failed="1" ignored="0" total="5" passed="4">
  <reporter-output>
  </reporter-output>
  <suite name="Suite" duration-ms="91277" started-at="2020-05-25T10:03:28 IDT" finished-at="2020-05-25T10:04:59 IDT">
    <groups>
    </groups>
    <test name="Web Test" duration-ms="91277" started-at="2020-05-25T10:03:28 IDT" finished-at="2020-05-25T10:04:59 IDT">
      <class name="SanityTests.phpTravelsWeb">
        <test-method status="PASS" signature="startSession(java.lang.String)[pri:0, instance:SanityTests.phpTravelsWeb@2cab9998]" name="startSession" is-config="true" duration-ms="14379" started-at="2020-05-25T10:03:28 IDT" finished-at="2020-05-25T10:03:42 IDT">
          <params>
            <param index="0">
              <value>
                <![CDATA[web]]>
              </value>
            </param>
          </params>
          <reporter-output>
          </reporter-output>
        </test-method> <!-- startSession -->
        <test-method status="PASS" signature="createUser()[pri:1, instance:SanityTests.phpTravelsWeb@2cab9998]" name="createUser" duration-ms="5433" started-at="2020-05-25T10:03:42 IDT" description="Create New User" finished-at="2020-05-25T10:03:48 IDT">
          <reporter-output>
          </reporter-output>
        </test-method> <!-- createUser -->
        <test-method status="PASS" signature="afterMethod()[pri:0, instance:SanityTests.phpTravelsWeb@2cab9998]" name="afterMethod" is-config="true" duration-ms="1424" started-at="2020-05-25T10:03:48 IDT" finished-at="2020-05-25T10:03:49 IDT">
          <reporter-output>
          </reporter-output>
        </test-method> <!-- afterMethod -->
        <test-method status="PASS" signature="chooseFlight()[pri:2, instance:SanityTests.phpTravelsWeb@2cab9998]" name="chooseFlight" duration-ms="20398" started-at="2020-05-25T10:03:49 IDT" description="Choose A Flight" finished-at="2020-05-25T10:04:10 IDT">
          <reporter-output>
          </reporter-output>
        </test-method> <!-- chooseFlight -->
        <test-method status="PASS" signature="afterMethod()[pri:0, instance:SanityTests.phpTravelsWeb@2cab9998]" name="afterMethod" is-config="true" duration-ms="1693" started-at="2020-05-25T10:04:10 IDT" finished-at="2020-05-25T10:04:11 IDT">
          <reporter-output>
          </reporter-output>
        </test-method> <!-- afterMethod -->
        <test-method status="PASS" signature="bookDeal()[pri:3, instance:SanityTests.phpTravelsWeb@2cab9998]" name="bookDeal" duration-ms="23323" started-at="2020-05-25T10:04:11 IDT" description="Book A Deal" finished-at="2020-05-25T10:04:35 IDT">
          <reporter-output>
          </reporter-output>
        </test-method> <!-- bookDeal -->
        <test-method status="PASS" signature="afterMethod()[pri:0, instance:SanityTests.phpTravelsWeb@2cab9998]" name="afterMethod" is-config="true" duration-ms="1979" started-at="2020-05-25T10:04:35 IDT" finished-at="2020-05-25T10:04:37 IDT">
          <reporter-output>
          </reporter-output>
        </test-method> <!-- afterMethod -->
        <test-method status="FAIL" signature="liveChatMessage()[pri:4, instance:SanityTests.phpTravelsWeb@2cab9998]" name="liveChatMessage" duration-ms="14130" started-at="2020-05-25T10:04:37 IDT" description="Write Message in the Live Chat" finished-at="2020-05-25T10:04:51 IDT">
          <exception class="java.lang.AssertionError">
            <message>
              <![CDATA[The following asserts failed:
did not expect to find [true] but found [false]]]>
            </message>
            <full-stacktrace>
              <![CDATA[java.lang.AssertionError: The following asserts failed:
did not expect to find [true] but found [false]
at org.testng.asserts.SoftAssert.assertAll(SoftAssert.java:47)
at org.testng.asserts.SoftAssert.assertAll(SoftAssert.java:31)
at SanityTests.phpTravelsWeb.liveChatMessage(phpTravelsWeb.java:55)
at sun.reflect.NativeMethodAccessorImpl.invoke0(Native Method)
at sun.reflect.NativeMethodAccessorImpl.invoke(NativeMethodAccessorImpl.java:62)
at sun.reflect.DelegatingMethodAccessorImpl.invoke(DelegatingMethodAccessorImpl.java:43)
at java.lang.reflect.Method.invoke(Method.java:498)
at org.testng.internal.MethodInvocationHelper.invokeMethod(MethodInvocationHelper.java:133)
at org.testng.internal.TestInvoker.invokeMethod(TestInvoker.java:584)
at org.testng.internal.TestInvoker.invokeTestMethod(TestInvoker.java:172)
at org.testng.internal.MethodRunner.runInSequence(MethodRunner.java:46)
at org.testng.internal.TestInvoker$MethodInvocationAgent.invoke(TestInvoker.java:804)
at org.testng.internal.TestInvoker.invokeTestMethods(TestInvoker.java:145)
at org.testng.internal.TestMethodWorker.invokeTestMethods(TestMethodWorker.java:146)
at org.testng.internal.TestMethodWorker.run(TestMethodWorker.java:128)
at java.util.ArrayList.forEach(ArrayList.java:1257)
at org.testng.TestRunner.privateRun(TestRunner.java:770)
at org.testng.TestRunner.run(TestRunner.java:591)
at org.testng.SuiteRunner.runTest(SuiteRunner.java:402)
at org.testng.SuiteRunner.runSequentially(SuiteRunner.java:396)
at org.testng.SuiteRunner.privateRun(SuiteRunner.java:355)
at org.testng.SuiteRunner.run(SuiteRunner.java:304)
at org.testng.SuiteRunnerWorker.runSuite(SuiteRunnerWorker.java:53)
at org.testng.SuiteRunnerWorker.run(SuiteRunnerWorker.java:96)
at org.testng.TestNG.runSuitesSequentially(TestNG.java:1180)
at org.testng.TestNG.runSuitesLocally(TestNG.java:1102)
at org.testng.TestNG.runSuites(TestNG.java:1032)
at org.testng.TestNG.run(TestNG.java:1000)
at org.apache.maven.surefire.testng.TestNGExecutor.run(TestNGExecutor.java:283)
at org.apache.maven.surefire.testng.TestNGXmlTestSuite.execute(TestNGXmlTestSuite.java:75)
at org.apache.maven.surefire.testng.TestNGProvider.invoke(TestNGProvider.java:120)
at org.apache.maven.surefire.booter.ForkedBooter.invokeProviderInSameClassLoader(ForkedBooter.java:384)
at org.apache.maven.surefire.booter.ForkedBooter.runSuitesInProcess(ForkedBooter.java:345)
at org.apache.maven.surefire.booter.ForkedBooter.execute(ForkedBooter.java:126)
at org.apache.maven.surefire.booter.ForkedBooter.main(ForkedBooter.java:418)
]]>
            </full-stacktrace>
          </exception> <!-- java.lang.AssertionError -->
          <reporter-output>
          </reporter-output>
        </test-method> <!-- liveChatMessage -->
        <test-method status="PASS" signature="afterMethod()[pri:0, instance:SanityTests.phpTravelsWeb@2cab9998]" name="afterMethod" is-config="true" duration-ms="1963" started-at="2020-05-25T10:04:51 IDT" finished-at="2020-05-25T10:04:53 IDT">
          <reporter-output>
          </reporter-output>
        </test-method> <!-- afterMethod -->
        <test-method status="PASS" signature="twitterSync()[pri:5, instance:SanityTests.phpTravelsWeb@2cab9998]" name="twitterSync" duration-ms="2545" started-at="2020-05-25T10:04:53 IDT" description="Twitter Link" finished-at="2020-05-25T10:04:56 IDT">
          <reporter-output>
          </reporter-output>
        </test-method> <!-- twitterSync -->
        <test-method status="PASS" signature="afterMethod()[pri:0, instance:SanityTests.phpTravelsWeb@2cab9998]" name="afterMethod" is-config="true" duration-ms="2192" started-at="2020-05-25T10:04:56 IDT" finished-at="2020-05-25T10:04:58 IDT">
          <reporter-output>
          </reporter-output>
        </test-method> <!-- afterMethod -->
        <test-method status="PASS" signature="closeSession()[pri:0, instance:SanityTests.phpTravelsWeb@2cab9998]" name="closeSession" is-config="true" duration-ms="700" started-at="2020-05-25T10:04:58 IDT" finished-at="2020-05-25T10:04:59 IDT">
          <reporter-output>
          </reporter-output>
        </test-method> <!-- closeSession -->
      </class> <!-- SanityTests.phpTravelsWeb -->
    </test> <!-- Web Test -->
  </suite> <!-- Suite -->
</testng-results>
